# JRE version: Java(TM) SE Runtime Environment (8.0_151-b12) (build 1.8.0_151-b12)
# Java VM: Java HotSpot(TM) 64-Bit Server VM (25.151-b12 mixed mode windows-amd64 compressed oops)
Heap:
 PSYoungGen      total 33792K, used 2144K [0x00000000d8400000, 0x00000000da880000, 0x0000000100000000)
  eden space 30208K, 0% used [0x00000000d8400000,0x00000000d8400000,0x00000000da180000)
  from space 3584K, 59% used [0x00000000da500000,0x00000000da718010,0x00000000da880000)
  to   space 3584K, 0% used [0x00000000da180000,0x00000000da180000,0x00000000da500000)
 ParOldGen       total 101376K, used 70747K [0x0000000088c00000, 0x000000008ef00000, 0x00000000d8400000)
  object space 101376K, 69% used [0x0000000088c00000,0x000000008d116dd0,0x000000008ef00000)
 Metaspace       used 59375K, capacity 63848K, committed 64128K, reserved 1105920K
  class space    used 7124K, capacity 8295K, committed 8320K, reserved 1048576K
GC Heap History (10 events):
Event: 18938.620 GC heap after
Heap after GC invocations=3409 (full 33):
 PSYoungGen      total 33792K, used 2080K [0x00000000d8400000, 0x00000000da880000, 0x0000000100000000)
  eden space 30208K, 0% used [0x00000000d8400000,0x00000000d8400000,0x00000000da180000)
  from space 3584K, 58% used [0x00000000da500000,0x00000000da708010,0x00000000da880000)
  to   space 3584K, 0% used [0x00000000da180000,0x00000000da180000,0x00000000da500000)
 ParOldGen       total 101376K, used 70707K [0x0000000088c00000, 0x000000008ef00000, 0x00000000d8400000)
  object space 101376K, 69% used [0x0000000088c00000,0x000000008d10cdd0,0x000000008ef00000)
 Metaspace       used 59372K, capacity 63842K, committed 63872K, reserved 1105920K
  class space    used 7123K, capacity 8293K, committed 8320K, reserved 1048576K
}
Event: 18942.923 GC heap before
{Heap before GC invocations=3410 (full 33):
 PSYoungGen      total 33792K, used 32288K [0x00000000d8400000, 0x00000000da880000, 0x0000000100000000)
  eden space 30208K, 100% used [0x00000000d8400000,0x00000000da180000,0x00000000da180000)
  from space 3584K, 58% used [0x00000000da500000,0x00000000da708010,0x00000000da880000)
  to   space 3584K, 0% used [0x00000000da180000,0x00000000da180000,0x00000000da500000)
 ParOldGen       total 101376K, used 70707K [0x0000000088c00000, 0x000000008ef00000, 0x00000000d8400000)
  object space 101376K, 69% used [0x0000000088c00000,0x000000008d10cdd0,0x000000008ef00000)
 Metaspace       used 59372K, capacity 63842K, committed 63872K, reserved 1105920K
  class space    used 7123K, capacity 8293K, committed 8320K, reserved 1048576K
Event: 18942.926 GC heap after
Heap after GC invocations=3410 (full 33):
 PSYoungGen      total 33792K, used 1664K [0x00000000d8400000, 0x00000000da880000, 0x0000000100000000)
  eden space 30208K, 0% used [0x00000000d8400000,0x00000000d8400000,0x00000000da180000)
  from space 3584K, 46% used [0x00000000da180000,0x00000000da320010,0x00000000da500000)
  to   space 3584K, 0% used [0x00000000da500000,0x00000000da500000,0x00000000da880000)
 ParOldGen       total 101376K, used 70723K [0x0000000088c00000, 0x000000008ef00000, 0x00000000d8400000)
  object space 101376K, 69% used [0x0000000088c00000,0x000000008d110dd0,0x000000008ef00000)
 Metaspace       used 59372K, capacity 63842K, committed 63872K, reserved 1105920K
  class space    used 7123K, capacity 8293K, committed 8320K, reserved 1048576K
}
Event: 18946.758 GC heap before
{Heap before GC invocations=3411 (full 33):
 PSYoungGen      total 33792K, used 31872K [0x00000000d8400000, 0x00000000da880000, 0x0000000100000000)
  eden space 30208K, 100% used [0x00000000d8400000,0x00000000da180000,0x00000000da180000)
  from space 3584K, 46% used [0x00000000da180000,0x00000000da320010,0x00000000da500000)
  to   space 3584K, 0% used [0x00000000da500000,0x00000000da500000,0x00000000da880000)
 ParOldGen       total 101376K, used 70723K [0x0000000088c00000, 0x000000008ef00000, 0x00000000d8400000)
  object space 101376K, 69% used [0x0000000088c00000,0x000000008d110dd0,0x000000008ef00000)
 Metaspace       used 59372K, capacity 63842K, committed 63872K, reserved 1105920K
  class space    used 7123K, capacity 8293K, committed 8320K, reserved 1048576K
Event: 18946.762 GC heap after
Heap after GC invocations=3411 (full 33):
 PSYoungGen      total 33792K, used 2112K [0x00000000d8400000, 0x00000000da880000, 0x0000000100000000)
  eden space 30208K, 0% used [0x00000000d8400000,0x00000000d8400000,0x00000000da180000)
  from space 3584K, 58% used [0x00000000da500000,0x00000000da710010,0x00000000da880000)
  to   space 3584K, 0% used [0x00000000da180000,0x00000000da180000,0x00000000da500000)
 ParOldGen       total 101376K, used 70739K [0x0000000088c00000, 0x000000008ef00000, 0x00000000d8400000)
  object space 101376K, 69% used [0x0000000088c00000,0x000000008d114dd0,0x000000008ef00000)
 Metaspace       used 59372K, capacity 63842K, committed 63872K, reserved 1105920K
  class space    used 7123K, capacity 8293K, committed 8320K, reserved 1048576K
}
Event: 18949.638 GC heap before
{Heap before GC invocations=3412 (full 33):
 PSYoungGen      total 33792K, used 32320K [0x00000000d8400000, 0x00000000da880000, 0x0000000100000000)
  eden space 30208K, 100% used [0x00000000d8400000,0x00000000da180000,0x00000000da180000)
  from space 3584K, 58% used [0x00000000da500000,0x00000000da710010,0x00000000da880000)
  to   space 3584K, 0% used [0x00000000da180000,0x00000000da180000,0x00000000da500000)
 ParOldGen       total 101376K, used 70739K [0x0000000088c00000, 0x000000008ef00000, 0x00000000d8400000)
  object space 101376K, 69% used [0x0000000088c00000,0x000000008d114dd0,0x000000008ef00000)
 Metaspace       used 59372K, capacity 63842K, committed 63872K, reserved 1105920K
  class space    used 7123K, capacity 8293K, committed 8320K, reserved 1048576K
Event: 18949.640 GC heap after
Heap after GC invocations=3412 (full 33):
 PSYoungGen      total 33792K, used 2144K [0x00000000d8400000, 0x00000000da880000, 0x0000000100000000)
  eden space 30208K, 0% used [0x00000000d8400000,0x00000000d8400000,0x00000000da180000)
  from space 3584K, 59% used [0x00000000da180000,0x00000000da398010,0x00000000da500000)
  to   space 3584K, 0% used [0x00000000da500000,0x00000000da500000,0x00000000da880000)
 ParOldGen       total 101376K, used 70739K [0x0000000088c00000, 0x000000008ef00000, 0x00000000d8400000)
  object space 101376K, 69% used [0x0000000088c00000,0x000000008d114dd0,0x000000008ef00000)
 Metaspace       used 59372K, capacity 63842K, committed 63872K, reserved 1105920K
  class space    used 7123K, capacity 8293K, committed 8320K, reserved 1048576K
}
Event: 18949.779 GC heap before
{Heap before GC invocations=3413 (full 33):
 PSYoungGen      total 33792K, used 3447K [0x00000000d8400000, 0x00000000da880000, 0x0000000100000000)
  eden space 30208K, 4% used [0x00000000d8400000,0x00000000d8545cd0,0x00000000da180000)
  from space 3584K, 59% used [0x00000000da180000,0x00000000da398010,0x00000000da500000)
  to   space 3584K, 0% used [0x00000000da500000,0x00000000da500000,0x00000000da880000)
 ParOldGen       total 101376K, used 70739K [0x0000000088c00000, 0x000000008ef00000, 0x00000000d8400000)
  object space 101376K, 69% used [0x0000000088c00000,0x000000008d114dd0,0x000000008ef00000)
 Metaspace       used 59375K, capacity 63848K, committed 64128K, reserved 1105920K
  class space    used 7124K, capacity 8295K, committed 8320K, reserved 1048576K
Event: 18949.786 GC heap after
Heap after GC invocations=3413 (full 33):
 PSYoungGen      total 33792K, used 2144K [0x00000000d8400000, 0x00000000da880000, 0x0000000100000000)
  eden space 30208K, 0% used [0x00000000d8400000,0x00000000d8400000,0x00000000da180000)
  from space 3584K, 59% used [0x00000000da500000,0x00000000da718010,0x00000000da880000)
  to   space 3584K, 0% used [0x00000000da180000,0x00000000da180000,0x00000000da500000)
 ParOldGen       total 101376K, used 70747K [0x0000000088c00000, 0x000000008ef00000, 0x00000000d8400000)
  object space 101376K, 69% used [0x0000000088c00000,0x000000008d116dd0,0x000000008ef00000)
 Metaspace       used 59375K, capacity 63848K, committed 64128K, reserved 1105920K
  class space    used 7124K, capacity 8295K, committed 8320K, reserved 1048576K
}
Event: 18949.786 GC heap before
{Heap before GC invocations=3414 (full 34):
 PSYoungGen      total 33792K, used 2144K [0x00000000d8400000, 0x00000000da880000, 0x0000000100000000)
  eden space 30208K, 0% used [0x00000000d8400000,0x00000000d8400000,0x00000000da180000)
  from space 3584K, 59% used [0x00000000da500000,0x00000000da718010,0x00000000da880000)
  to   space 3584K, 0% used [0x00000000da180000,0x00000000da180000,0x00000000da500000)
 ParOldGen       total 101376K, used 70747K [0x0000000088c00000, 0x000000008ef00000, 0x00000000d8400000)
  object space 101376K, 69% used [0x0000000088c00000,0x000000008d116dd0,0x000000008ef00000)
 Metaspace       used 59375K, capacity 63848K, committed 64128K, reserved 1105920K
  class space    used 7124K, capacity 8295K, committed 8320K, reserved 1048576K

