# JRE version: Java(TM) SE Runtime Environment (8.0_151-b12) (build 1.8.0_151-b12)
# Java VM: Java HotSpot(TM) 64-Bit Server VM (25.151-b12 mixed mode windows-amd64 compressed oops)
Heap:
 PSYoungGen      total 166912K, used 1344K [0x00000000d8400000, 0x00000000e5f80000, 0x0000000100000000)
  eden space 165376K, 0% used [0x00000000d8400000,0x00000000d8400000,0x00000000e2580000)
  from space 1536K, 87% used [0x00000000e5e00000,0x00000000e5f50010,0x00000000e5f80000)
  to   space 14848K, 0% used [0x00000000e4280000,0x00000000e4280000,0x00000000e5100000)
 ParOldGen       total 81408K, used 51462K [0x0000000088c00000, 0x000000008db80000, 0x00000000d8400000)
  object space 81408K, 63% used [0x0000000088c00000,0x000000008be41aa0,0x000000008db80000)
 Metaspace       used 67307K, capacity 73470K, committed 73600K, reserved 1114112K
  class space    used 8357K, capacity 9516K, committed 9600K, reserved 1048576K
GC Heap History (10 events):
Event: 2459.334 GC heap after
Heap after GC invocations=107 (full 17):
 PSYoungGen      total 195584K, used 8997K [0x00000000d8400000, 0x00000000e7600000, 0x0000000100000000)
  eden space 186368K, 0% used [0x00000000d8400000,0x00000000d8400000,0x00000000e3a00000)
  from space 9216K, 97% used [0x00000000e6d00000,0x00000000e75c9418,0x00000000e7600000)
  to   space 13312K, 0% used [0x00000000e5c00000,0x00000000e5c00000,0x00000000e6900000)
 ParOldGen       total 81408K, used 47125K [0x0000000088c00000, 0x000000008db80000, 0x00000000d8400000)
  object space 81408K, 57% used [0x0000000088c00000,0x000000008ba05660,0x000000008db80000)
 Metaspace       used 67300K, capacity 73458K, committed 73600K, reserved 1114112K
  class space    used 8355K, capacity 9513K, committed 9600K, reserved 1048576K
}
Event: 2477.793 GC heap before
{Heap before GC invocations=108 (full 17):
 PSYoungGen      total 195584K, used 195365K [0x00000000d8400000, 0x00000000e7600000, 0x0000000100000000)
  eden space 186368K, 100% used [0x00000000d8400000,0x00000000e3a00000,0x00000000e3a00000)
  from space 9216K, 97% used [0x00000000e6d00000,0x00000000e75c9418,0x00000000e7600000)
  to   space 13312K, 0% used [0x00000000e5c00000,0x00000000e5c00000,0x00000000e6900000)
 ParOldGen       total 81408K, used 47125K [0x0000000088c00000, 0x000000008db80000, 0x00000000d8400000)
  object space 81408K, 57% used [0x0000000088c00000,0x000000008ba05660,0x000000008db80000)
 Metaspace       used 67300K, capacity 73458K, committed 73600K, reserved 1114112K
  class space    used 8355K, capacity 9513K, committed 9600K, reserved 1048576K
Event: 2477.805 GC heap after
Heap after GC invocations=108 (full 17):
 PSYoungGen      total 185344K, used 5733K [0x00000000d8400000, 0x00000000e6d80000, 0x0000000100000000)
  eden space 179200K, 0% used [0x00000000d8400000,0x00000000d8400000,0x00000000e3300000)
  from space 6144K, 93% used [0x00000000e5c00000,0x00000000e6199408,0x00000000e6200000)
  to   space 11776K, 0% used [0x00000000e6200000,0x00000000e6200000,0x00000000e6d80000)
 ParOldGen       total 81408K, used 47125K [0x0000000088c00000, 0x000000008db80000, 0x00000000d8400000)
  object space 81408K, 57% used [0x0000000088c00000,0x000000008ba05660,0x000000008db80000)
 Metaspace       used 67300K, capacity 73458K, committed 73600K, reserved 1114112K
  class space    used 8355K, capacity 9513K, committed 9600K, reserved 1048576K
}
Event: 2494.178 GC heap before
{Heap before GC invocations=109 (full 17):
 PSYoungGen      total 185344K, used 184933K [0x00000000d8400000, 0x00000000e6d80000, 0x0000000100000000)
  eden space 179200K, 100% used [0x00000000d8400000,0x00000000e3300000,0x00000000e3300000)
  from space 6144K, 93% used [0x00000000e5c00000,0x00000000e6199408,0x00000000e6200000)
  to   space 11776K, 0% used [0x00000000e6200000,0x00000000e6200000,0x00000000e6d80000)
 ParOldGen       total 81408K, used 47125K [0x0000000088c00000, 0x000000008db80000, 0x00000000d8400000)
  object space 81408K, 57% used [0x0000000088c00000,0x000000008ba05660,0x000000008db80000)
 Metaspace       used 67300K, capacity 73458K, committed 73600K, reserved 1114112K
  class space    used 8355K, capacity 9513K, committed 9600K, reserved 1048576K
Event: 2494.189 GC heap after
Heap after GC invocations=109 (full 17):
 PSYoungGen      total 181248K, used 8997K [0x00000000d8400000, 0x00000000e6b00000, 0x0000000100000000)
  eden space 172032K, 0% used [0x00000000d8400000,0x00000000d8400000,0x00000000e2c00000)
  from space 9216K, 97% used [0x00000000e6200000,0x00000000e6ac9418,0x00000000e6b00000)
  to   space 12800K, 0% used [0x00000000e5200000,0x00000000e5200000,0x00000000e5e80000)
 ParOldGen       total 81408K, used 47125K [0x0000000088c00000, 0x000000008db80000, 0x00000000d8400000)
  object space 81408K, 57% used [0x0000000088c00000,0x000000008ba05660,0x000000008db80000)
 Metaspace       used 67300K, capacity 73458K, committed 73600K, reserved 1114112K
  class space    used 8355K, capacity 9513K, committed 9600K, reserved 1048576K
}
Event: 2511.606 GC heap before
{Heap before GC invocations=110 (full 17):
 PSYoungGen      total 181248K, used 181029K [0x00000000d8400000, 0x00000000e6b00000, 0x0000000100000000)
  eden space 172032K, 100% used [0x00000000d8400000,0x00000000e2c00000,0x00000000e2c00000)
  from space 9216K, 97% used [0x00000000e6200000,0x00000000e6ac9418,0x00000000e6b00000)
  to   space 12800K, 0% used [0x00000000e5200000,0x00000000e5200000,0x00000000e5e80000)
 ParOldGen       total 81408K, used 47125K [0x0000000088c00000, 0x000000008db80000, 0x00000000d8400000)
  object space 81408K, 57% used [0x0000000088c00000,0x000000008ba05660,0x000000008db80000)
 Metaspace       used 67300K, capacity 73458K, committed 73600K, reserved 1114112K
  class space    used 8355K, capacity 9513K, committed 9600K, reserved 1048576K
Event: 2511.618 GC heap after
Heap after GC invocations=110 (full 17):
 PSYoungGen      total 177664K, used 12165K [0x00000000d8400000, 0x00000000e6280000, 0x0000000100000000)
  eden space 165376K, 0% used [0x00000000d8400000,0x00000000d8400000,0x00000000e2580000)
  from space 12288K, 98% used [0x00000000e5200000,0x00000000e5de1428,0x00000000e5e00000)
  to   space 4608K, 0% used [0x00000000e5e00000,0x00000000e5e00000,0x00000000e6280000)
 ParOldGen       total 81408K, used 47125K [0x0000000088c00000, 0x000000008db80000, 0x00000000d8400000)
  object space 81408K, 57% used [0x0000000088c00000,0x000000008ba05660,0x000000008db80000)
 Metaspace       used 67300K, capacity 73458K, committed 73600K, reserved 1114112K
  class space    used 8355K, capacity 9513K, committed 9600K, reserved 1048576K
}
Event: 2512.455 GC heap before
{Heap before GC invocations=111 (full 17):
 PSYoungGen      total 177664K, used 36982K [0x00000000d8400000, 0x00000000e6280000, 0x0000000100000000)
  eden space 165376K, 15% used [0x00000000d8400000,0x00000000d9c3c410,0x00000000e2580000)
  from space 12288K, 98% used [0x00000000e5200000,0x00000000e5de1428,0x00000000e5e00000)
  to   space 4608K, 0% used [0x00000000e5e00000,0x00000000e5e00000,0x00000000e6280000)
 ParOldGen       total 81408K, used 47125K [0x0000000088c00000, 0x000000008db80000, 0x00000000d8400000)
  object space 81408K, 57% used [0x0000000088c00000,0x000000008ba05660,0x000000008db80000)
 Metaspace       used 67307K, capacity 73470K, committed 73600K, reserved 1114112K
  class space    used 8357K, capacity 9516K, committed 9600K, reserved 1048576K
Event: 2512.467 GC heap after
Heap after GC invocations=111 (full 17):
 PSYoungGen      total 166912K, used 1344K [0x00000000d8400000, 0x00000000e5f80000, 0x0000000100000000)
  eden space 165376K, 0% used [0x00000000d8400000,0x00000000d8400000,0x00000000e2580000)
  from space 1536K, 87% used [0x00000000e5e00000,0x00000000e5f50010,0x00000000e5f80000)
  to   space 14848K, 0% used [0x00000000e4280000,0x00000000e4280000,0x00000000e5100000)
 ParOldGen       total 81408K, used 51462K [0x0000000088c00000, 0x000000008db80000, 0x00000000d8400000)
  object space 81408K, 63% used [0x0000000088c00000,0x000000008be41aa0,0x000000008db80000)
 Metaspace       used 67307K, capacity 73470K, committed 73600K, reserved 1114112K
  class space    used 8357K, capacity 9516K, committed 9600K, reserved 1048576K
}
Event: 2512.467 GC heap before
{Heap before GC invocations=112 (full 18):
 PSYoungGen      total 166912K, used 1344K [0x00000000d8400000, 0x00000000e5f80000, 0x0000000100000000)
  eden space 165376K, 0% used [0x00000000d8400000,0x00000000d8400000,0x00000000e2580000)
  from space 1536K, 87% used [0x00000000e5e00000,0x00000000e5f50010,0x00000000e5f80000)
  to   space 14848K, 0% used [0x00000000e4280000,0x00000000e4280000,0x00000000e5100000)
 ParOldGen       total 81408K, used 51462K [0x0000000088c00000, 0x000000008db80000, 0x00000000d8400000)
  object space 81408K, 63% used [0x0000000088c00000,0x000000008be41aa0,0x000000008db80000)
 Metaspace       used 67307K, capacity 73470K, committed 73600K, reserved 1114112K
  class space    used 8357K, capacity 9516K, committed 9600K, reserved 1048576K

